\BOOKMARK [1][]{toc1.1}{Contents}{}
\BOOKMARK [1][]{section.1}{1\040Introduction}{}
\BOOKMARK [1][]{section.2}{2\040Usage}{}
\BOOKMARK [1][]{section.3}{3\040Alternatives}{}
\BOOKMARK [1][]{section.4}{4\040Example}{}
\BOOKMARK [1][]{section.5}{5\040The\040implementation}{}
\BOOKMARK [1][]{section.6}{6\040Installation}{}
\BOOKMARK [2][]{subsection.6.1}{6.1\040Downloads}{section.6}
\BOOKMARK [2][]{subsection.6.2}{6.2\040Package,\040unpacking\040TDS}{section.6}
\BOOKMARK [2][]{subsection.6.3}{6.3\040Refresh\040file\040name\040databases}{section.6}
\BOOKMARK [2][]{subsection.6.4}{6.4\040Some\040details\040for\040the\040interested}{section.6}
\BOOKMARK [2][]{subsection.6.5}{6.5\040Compiling\040the\040example}{section.6}
\BOOKMARK [1][]{section.7}{7\040Acknowledgements}{}
\BOOKMARK [1][]{section.8}{8\040History}{}
\BOOKMARK [2][]{section*.8}{[2011/10/26\040v1.0a,\040tabfootn]}{section.8}
\BOOKMARK [2][]{section*.10}{[2011/10/29\040v1.0b]}{section.8}
\BOOKMARK [2][]{section*.12}{[2011/11/06\040v1.0c]}{section.8}
\BOOKMARK [2][]{section*.14}{[2011/11/19\040v1.0d]}{section.8}
\BOOKMARK [2][]{section*.16}{[2011/11/26\040v1.0e]}{section.8}
\BOOKMARK [2][]{section*.18}{[2012/01/01\040v1.0f]}{section.8}
\BOOKMARK [2][]{section*.20}{[2012/01/14\040v1.0g]}{section.8}
\BOOKMARK [2][]{section*.22}{[2012/07/29\040v1.0h]}{section.8}
\BOOKMARK [2][]{section*.24}{[2014/01/08\040v1.1a]}{section.8}
\BOOKMARK [2][]{section*.26}{[2014/01/20\040v1.1b]}{section.8}
\BOOKMARK [2][]{section*.28}{[2014/01/26\040v1.1c]}{section.8}
